This is pdfTeX, Version 3.141592653-2.6-1.40.26 (MiKTeX 24.4) (preloaded format=pdflatex 2025.1.5)  7 JAN 2025 03:25
entering extended mode
 restricted \write18 enabled.
 %&-line parsing enabled.
**"./Tex scratch.tex"
(Tex scratch.tex
LaTeX2e <2024-11-01> patch level 1
L3 programming layer <2024-12-09>
(C:\Users\PC Gaming\AppData\Local\Programs\MiKTeX\tex/latex/base\article.cls
Document Class: article 2024/06/29 v1.4n Standard LaTeX document class
(C:\Users\PC Gaming\AppData\Local\Programs\MiKTeX\tex/latex/base\size11.clo
File: size11.clo 2024/06/29 v1.4n Standard LaTeX file (size option)
)
\c@part=\count196
\c@section=\count197
\c@subsection=\count198
\c@subsubsection=\count199
\c@paragraph=\count266
\c@subparagraph=\count267
\c@figure=\count268
\c@table=\count269
\abovecaptionskip=\skip49
\belowcaptionskip=\skip50
\bibindent=\dimen141
)
(C:\Users\PC Gaming\AppData\Local\Programs\MiKTeX\tex/latex/amsmath\amsmath.sty
Package: amsmath 2024/11/05 v2.17t AMS math features
\@mathmargin=\skip51
For additional information on amsmath, use the `?' option.

(C:\Users\PC Gaming\AppData\Local\Programs\MiKTeX\tex/latex/amsmath\amstext.sty
Package: amstext 2021/08/26 v2.01 AMS text
(C:\Users\PC Gaming\AppData\Local\Programs\MiKTeX\tex/latex/amsmath\amsgen.sty
File: amsgen.sty 1999/11/30 v2.0 generic functions
\@emptytoks=\toks17
\ex@=\dimen142
))
(C:\Users\PC Gaming\AppData\Local\Programs\MiKTeX\tex/latex/amsmath\amsbsy.sty
Package: amsbsy 1999/11/29 v1.2d Bold Symbols
\pmbraise@=\dimen143
) (C:\Users\PC Gaming\AppData\Local\Programs\MiKTeX\tex/latex/amsmath\amsopn.st
y
Package: amsopn 2022/04/08 v2.04 operator names
)
\inf@bad=\count270
LaTeX Info: Redefining \frac on input line 233.
\uproot@=\count271
\leftroot@=\count272
LaTeX Info: Redefining \overline on input line 398.
LaTeX Info: Redefining \colon on input line 409.
\classnum@=\count273
\DOTSCASE@=\count274
LaTeX Info: Redefining \ldots on input line 495.
LaTeX Info: Redefining \dots on input line 498.
LaTeX Info: Redefining \cdots on input line 619.
\Mathstrutbox@=\box52
\strutbox@=\box53
LaTeX Info: Redefining \big on input line 721.
LaTeX Info: Redefining \Big on input line 722.
LaTeX Info: Redefining \bigg on input line 723.
LaTeX Info: Redefining \Bigg on input line 724.
\big@size=\dimen144
LaTeX Font Info:    Redeclaring font encoding OML on input line 742.
LaTeX Font Info:    Redeclaring font encoding OMS on input line 743.
\macc@depth=\count275
LaTeX Info: Redefining \bmod on input line 904.
LaTeX Info: Redefining \pmod on input line 909.
LaTeX Info: Redefining \smash on input line 939.
LaTeX Info: Redefining \relbar on input line 969.
LaTeX Info: Redefining \Relbar on input line 970.
\c@MaxMatrixCols=\count276
\dotsspace@=\muskip17
\c@parentequation=\count277
\dspbrk@lvl=\count278
\tag@help=\toks18
\row@=\count279
\column@=\count280
\maxfields@=\count281
\andhelp@=\toks19
\eqnshift@=\dimen145
\alignsep@=\dimen146
\tagshift@=\dimen147
\tagwidth@=\dimen148
\totwidth@=\dimen149
\lineht@=\dimen150
\@envbody=\toks20
\multlinegap=\skip52
\multlinetaggap=\skip53
\mathdisplay@stack=\toks21
LaTeX Info: Redefining \[ on input line 2953.
LaTeX Info: Redefining \] on input line 2954.
)
(C:\Users\PC Gaming\AppData\Local\Programs\MiKTeX\tex/latex/amsfonts\amssymb.st
y
Package: amssymb 2013/01/14 v3.01 AMS font symbols

(C:\Users\PC Gaming\AppData\Local\Programs\MiKTeX\tex/latex/amsfonts\amsfonts.s
ty
Package: amsfonts 2013/01/14 v3.01 Basic AMSFonts support
\symAMSa=\mathgroup4
\symAMSb=\mathgroup5
LaTeX Font Info:    Redeclaring math symbol \hbar on input line 98.
LaTeX Font Info:    Overwriting math alphabet `\mathfrak' in version `bold'
(Font)                  U/euf/m/n --> U/euf/b/n on input line 106.
))
(C:\Users\PC Gaming\AppData\Local\Programs\MiKTeX\tex/latex/graphics\graphicx.s
ty
Package: graphicx 2021/09/16 v1.2d Enhanced LaTeX Graphics (DPC,SPQR)

(C:\Users\PC Gaming\AppData\Local\Programs\MiKTeX\tex/latex/graphics\keyval.sty
Package: keyval 2022/05/29 v1.15 key=value parser (DPC)
\KV@toks@=\toks22
)
(C:\Users\PC Gaming\AppData\Local\Programs\MiKTeX\tex/latex/graphics\graphics.s
ty
Package: graphics 2024/08/06 v1.4g Standard LaTeX Graphics (DPC,SPQR)

(C:\Users\PC Gaming\AppData\Local\Programs\MiKTeX\tex/latex/graphics\trig.sty
Package: trig 2023/12/02 v1.11 sin cos tan (DPC)
)
(C:\Users\PC Gaming\AppData\Local\Programs\MiKTeX\tex/latex/graphics-cfg\graphi
cs.cfg
File: graphics.cfg 2016/06/04 v1.11 sample graphics configuration
)
Package graphics Info: Driver file: pdftex.def on input line 106.

(C:\Users\PC Gaming\AppData\Local\Programs\MiKTeX\tex/latex/graphics-def\pdftex
.def
File: pdftex.def 2024/04/13 v1.2c Graphics/color driver for pdftex
))
\Gin@req@height=\dimen151
\Gin@req@width=\dimen152
)
(C:\Users\PC Gaming\AppData\Local\Programs\MiKTeX\tex/latex/graphics\rotating.s
ty
Package: rotating 2016/08/11 v2.16d rotated objects in LaTeX
 (C:\Users\PC Gaming\AppData\Local\Programs\MiKTeX\tex/latex/base\ifthen.sty
Package: ifthen 2024/03/16 v1.1e Standard LaTeX ifthen package (DPC)
)
\c@r@tfl@t=\count282
\rotFPtop=\skip54
\rotFPbot=\skip55
\rot@float@box=\box54
\rot@mess@toks=\toks23
) (C:\Users\PC Gaming\AppData\Local\Programs\MiKTeX\tex/latex/float\float.sty
Package: float 2001/11/08 v1.3d Float enhancements (AL)
\c@float@type=\count283
\float@exts=\toks24
\float@box=\box55
\@float@everytoks=\toks25
\@floatcapt=\box56
)
(C:\Users\PC Gaming\AppData\Local\Programs\MiKTeX\tex/latex/geometry\geometry.s
ty
Package: geometry 2020/01/02 v5.9 Page Geometry

(C:\Users\PC Gaming\AppData\Local\Programs\MiKTeX\tex/generic/iftex\ifvtex.sty
Package: ifvtex 2019/10/25 v1.7 ifvtex legacy package. Use iftex instead.

(C:\Users\PC Gaming\AppData\Local\Programs\MiKTeX\tex/generic/iftex\iftex.sty
Package: iftex 2024/12/12 v1.0g TeX engine tests
))
\Gm@cnth=\count284
\Gm@cntv=\count285
\c@Gm@tempcnt=\count286
\Gm@bindingoffset=\dimen153
\Gm@wd@mp=\dimen154
\Gm@odd@mp=\dimen155
\Gm@even@mp=\dimen156
\Gm@layoutwidth=\dimen157
\Gm@layoutheight=\dimen158
\Gm@layouthoffset=\dimen159
\Gm@layoutvoffset=\dimen160
\Gm@dimlist=\toks26

(C:\Users\PC Gaming\AppData\Local\Programs\MiKTeX\tex/latex/geometry\geometry.c
fg))
(C:\Users\PC Gaming\AppData\Local\Programs\MiKTeX\tex/latex/hyperref\hyperref.s
ty
Package: hyperref 2024-11-05 v7.01l Hypertext links for LaTeX

(C:\Users\PC Gaming\AppData\Local\Programs\MiKTeX\tex/latex/kvsetkeys\kvsetkeys
.sty
Package: kvsetkeys 2022-10-05 v1.19 Key value parser (HO)
)
(C:\Users\PC Gaming\AppData\Local\Programs\MiKTeX\tex/generic/kvdefinekeys\kvde
finekeys.sty
Package: kvdefinekeys 2019-12-19 v1.6 Define keys (HO)
)
(C:\Users\PC Gaming\AppData\Local\Programs\MiKTeX\tex/generic/pdfescape\pdfesca
pe.sty
Package: pdfescape 2019/12/09 v1.15 Implements pdfTeX's escape features (HO)

(C:\Users\PC Gaming\AppData\Local\Programs\MiKTeX\tex/generic/ltxcmds\ltxcmds.s
ty
Package: ltxcmds 2023-12-04 v1.26 LaTeX kernel commands for general use (HO)
)
(C:\Users\PC Gaming\AppData\Local\Programs\MiKTeX\tex/generic/pdftexcmds\pdftex
cmds.sty
Package: pdftexcmds 2020-06-27 v0.33 Utility functions of pdfTeX for LuaTeX (HO
)

(C:\Users\PC Gaming\AppData\Local\Programs\MiKTeX\tex/generic/infwarerr\infware
rr.sty
Package: infwarerr 2019/12/03 v1.5 Providing info/warning/error messages (HO)
)
Package pdftexcmds Info: \pdf@primitive is available.
Package pdftexcmds Info: \pdf@ifprimitive is available.
Package pdftexcmds Info: \pdfdraftmode found.
))
(C:\Users\PC Gaming\AppData\Local\Programs\MiKTeX\tex/latex/hycolor\hycolor.sty
Package: hycolor 2020-01-27 v1.10 Color options for hyperref/bookmark (HO)
)
(C:\Users\PC Gaming\AppData\Local\Programs\MiKTeX\tex/latex/hyperref\nameref.st
y
Package: nameref 2023-11-26 v2.56 Cross-referencing by name of section

(C:\Users\PC Gaming\AppData\Local\Programs\MiKTeX\tex/latex/refcount\refcount.s
ty
Package: refcount 2019/12/15 v3.6 Data extraction from label references (HO)
)
(C:\Users\PC Gaming\AppData\Local\Programs\MiKTeX\tex/generic/gettitlestring\ge
ttitlestring.sty
Package: gettitlestring 2019/12/15 v1.6 Cleanup title references (HO)

(C:\Users\PC Gaming\AppData\Local\Programs\MiKTeX\tex/latex/kvoptions\kvoptions
.sty
Package: kvoptions 2022-06-15 v3.15 Key value format for package options (HO)
))
\c@section@level=\count287
)
(C:\Users\PC Gaming\AppData\Local\Programs\MiKTeX\tex/latex/etoolbox\etoolbox.s
ty
Package: etoolbox 2020/10/05 v2.5k e-TeX tools for LaTeX (JAW)
\etb@tempcnta=\count288
)
(C:\Users\PC Gaming\AppData\Local\Programs\MiKTeX\tex/generic/stringenc\stringe
nc.sty
Package: stringenc 2019/11/29 v1.12 Convert strings between diff. encodings (HO
)
)
\@linkdim=\dimen161
\Hy@linkcounter=\count289
\Hy@pagecounter=\count290

(C:\Users\PC Gaming\AppData\Local\Programs\MiKTeX\tex/latex/hyperref\pd1enc.def
File: pd1enc.def 2024-11-05 v7.01l Hyperref: PDFDocEncoding definition (HO)
Now handling font encoding PD1 ...
... no UTF-8 mapping file for font encoding PD1
)
(C:\Users\PC Gaming\AppData\Local\Programs\MiKTeX\tex/generic/intcalc\intcalc.s
ty
Package: intcalc 2019/12/15 v1.3 Expandable calculations with integers (HO)
)
\Hy@SavedSpaceFactor=\count291

(C:\Users\PC Gaming\AppData\Local\Programs\MiKTeX\tex/latex/hyperref\puenc.def
File: puenc.def 2024-11-05 v7.01l Hyperref: PDF Unicode definition (HO)
Now handling font encoding PU ...
... no UTF-8 mapping file for font encoding PU
)
Package hyperref Info: Hyper figures OFF on input line 4157.
Package hyperref Info: Link nesting OFF on input line 4162.
Package hyperref Info: Hyper index ON on input line 4165.
Package hyperref Info: Plain pages OFF on input line 4172.
Package hyperref Info: Backreferencing OFF on input line 4177.
Package hyperref Info: Implicit mode ON; LaTeX internals redefined.
Package hyperref Info: Bookmarks ON on input line 4424.
\c@Hy@tempcnt=\count292
(C:\Users\PC Gaming\AppData\Local\Programs\MiKTeX\tex/latex/url\url.sty
\Urlmuskip=\muskip18
Package: url 2013/09/16  ver 3.4  Verb mode for urls, etc.
)
LaTeX Info: Redefining \url on input line 4763.
\XeTeXLinkMargin=\dimen162

(C:\Users\PC Gaming\AppData\Local\Programs\MiKTeX\tex/generic/bitset\bitset.sty
Package: bitset 2019/12/09 v1.3 Handle bit-vector datatype (HO)

(C:\Users\PC Gaming\AppData\Local\Programs\MiKTeX\tex/generic/bigintcalc\bigint
calc.sty
Package: bigintcalc 2019/12/15 v1.5 Expandable calculations on big integers (HO
)
))
\Fld@menulength=\count293
\Field@Width=\dimen163
\Fld@charsize=\dimen164
Package hyperref Info: Hyper figures OFF on input line 6042.
Package hyperref Info: Link nesting OFF on input line 6047.
Package hyperref Info: Hyper index ON on input line 6050.
Package hyperref Info: backreferencing OFF on input line 6057.
Package hyperref Info: Link coloring OFF on input line 6062.
Package hyperref Info: Link coloring with OCG OFF on input line 6067.
Package hyperref Info: PDF/A mode OFF on input line 6072.

(C:\Users\PC Gaming\AppData\Local\Programs\MiKTeX\tex/latex/base\atbegshi-ltx.s
ty
Package: atbegshi-ltx 2021/01/10 v1.0c Emulation of the original atbegshi
package with kernel methods
)
\Hy@abspage=\count294
\c@Item=\count295
\c@Hfootnote=\count296
)
Package hyperref Info: Driver (autodetected): hpdftex.

(C:\Users\PC Gaming\AppData\Local\Programs\MiKTeX\tex/latex/hyperref\hpdftex.de
f
File: hpdftex.def 2024-11-05 v7.01l Hyperref driver for pdfTeX

(C:\Users\PC Gaming\AppData\Local\Programs\MiKTeX\tex/latex/base\atveryend-ltx.
sty
Package: atveryend-ltx 2020/08/19 v1.0a Emulation of the original atveryend pac
kage
with kernel methods
)
\Fld@listcount=\count297
\c@bookmark@seq@number=\count298

(C:\Users\PC Gaming\AppData\Local\Programs\MiKTeX\tex/latex/rerunfilecheck\reru
nfilecheck.sty
Package: rerunfilecheck 2022-07-10 v1.10 Rerun checks for auxiliary files (HO)

(C:\Users\PC Gaming\AppData\Local\Programs\MiKTeX\tex/generic/uniquecounter\uni
quecounter.sty
Package: uniquecounter 2019/12/15 v1.4 Provide unlimited unique counter (HO)
)
Package uniquecounter Info: New unique counter `rerunfilecheck' on input line 2
85.
)
\Hy@SectionHShift=\skip56
)
(C:\Users\PC Gaming\AppData\Local\Programs\MiKTeX\tex/latex/lipsum\lipsum.sty
(C:\Users\PC Gaming\AppData\Local\Programs\MiKTeX\tex/latex/l3packages/l3keys2e
\l3keys2e.sty
(C:\Users\PC Gaming\AppData\Local\Programs\MiKTeX\tex/latex/l3kernel\expl3.sty
Package: expl3 2024-12-09 L3 programming layer (loader) 

(C:\Users\PC Gaming\AppData\Local\Programs\MiKTeX\tex/latex/l3backend\l3backend
-pdftex.def
File: l3backend-pdftex.def 2024-05-08 L3 backend support: PDF output (pdfTeX)
\l__color_backend_stack_int=\count299
\l__pdf_internal_box=\box57
))
Package: l3keys2e 2024-08-16 LaTeX2e option processing using LaTeX3 keys
)
Package: lipsum 2021-09-20 v2.7 150 paragraphs of Lorem Ipsum dummy text
\g__lipsum_par_int=\count300
\l__lipsum_a_int=\count301
\l__lipsum_b_int=\count302

(C:\Users\PC Gaming\AppData\Local\Programs\MiKTeX\tex/latex/lipsum\lipsum.ltd.t
ex))
(C:\Users\PC Gaming\AppData\Local\Programs\MiKTeX\tex/latex/tools\multicol.sty
Package: multicol 2024/09/14 v1.9i multicolumn formatting (FMi)
\c@tracingmulticols=\count303
\mult@box=\box58
\multicol@leftmargin=\dimen165
\c@unbalance=\count304
\c@collectmore=\count305
\doublecol@number=\count306
\multicoltolerance=\count307
\multicolpretolerance=\count308
\full@width=\dimen166
\page@free=\dimen167
\premulticols=\dimen168
\postmulticols=\dimen169
\multicolsep=\skip57
\multicolbaselineskip=\skip58
\partial@page=\box59
\last@line=\box60
\mc@boxedresult=\box61
\maxbalancingoverflow=\dimen170
\mult@rightbox=\box62
\mult@grightbox=\box63
\mult@firstbox=\box64
\mult@gfirstbox=\box65
\@tempa=\box66
\@tempa=\box67
\@tempa=\box68
\@tempa=\box69
\@tempa=\box70
\@tempa=\box71
\@tempa=\box72
\@tempa=\box73
\@tempa=\box74
\@tempa=\box75
\@tempa=\box76
\@tempa=\box77
\@tempa=\box78
\@tempa=\box79
\@tempa=\box80
\@tempa=\box81
\@tempa=\box82
\@tempa=\box83
\@tempa=\box84
\@tempa=\box85
\@tempa=\box86
\@tempa=\box87
\@tempa=\box88
\@tempa=\box89
\@tempa=\box90
\@tempa=\box91
\@tempa=\box92
\@tempa=\box93
\@tempa=\box94
\@tempa=\box95
\@tempa=\box96
\@tempa=\box97
\@tempa=\box98
\@tempa=\box99
\@tempa=\box100
\@tempa=\box101
\c@minrows=\count309
\c@columnbadness=\count310
\c@finalcolumnbadness=\count311
\last@try=\dimen171
\multicolovershoot=\dimen172
\multicolundershoot=\dimen173
\mult@nat@firstbox=\box102
\colbreak@box=\box103
\mc@col@check@num=\count312
)
No file "Tex scratch".aux.
\openout1 = `"Tex scratch.aux"'.

LaTeX Font Info:    Checking defaults for OML/cmm/m/it on input line 34.
LaTeX Font Info:    ... okay on input line 34.
LaTeX Font Info:    Checking defaults for OMS/cmsy/m/n on input line 34.
LaTeX Font Info:    ... okay on input line 34.
LaTeX Font Info:    Checking defaults for OT1/cmr/m/n on input line 34.
LaTeX Font Info:    ... okay on input line 34.
LaTeX Font Info:    Checking defaults for T1/cmr/m/n on input line 34.
LaTeX Font Info:    ... okay on input line 34.
LaTeX Font Info:    Checking defaults for TS1/cmr/m/n on input line 34.
LaTeX Font Info:    ... okay on input line 34.
LaTeX Font Info:    Checking defaults for OMX/cmex/m/n on input line 34.
LaTeX Font Info:    ... okay on input line 34.
LaTeX Font Info:    Checking defaults for U/cmr/m/n on input line 34.
LaTeX Font Info:    ... okay on input line 34.
LaTeX Font Info:    Checking defaults for PD1/pdf/m/n on input line 34.
LaTeX Font Info:    ... okay on input line 34.
LaTeX Font Info:    Checking defaults for PU/pdf/m/n on input line 34.
LaTeX Font Info:    ... okay on input line 34.

(C:\Users\PC Gaming\AppData\Local\Programs\MiKTeX\tex/context/base/mkii\supp-pd
f.mkii
[Loading MPS to PDF converter (version 2006.09.02).]
\scratchcounter=\count313
\scratchdimen=\dimen174
\scratchbox=\box104
\nofMPsegments=\count314
\nofMParguments=\count315
\everyMPshowfont=\toks27
\MPscratchCnt=\count316
\MPscratchDim=\dimen175
\MPnumerator=\count317
\makeMPintoPDFobject=\count318
\everyMPtoPDFconversion=\toks28
)
(C:\Users\PC Gaming\AppData\Local\Programs\MiKTeX\tex/latex/epstopdf-pkg\epstop
df-base.sty
Package: epstopdf-base 2020-01-24 v2.11 Base part for package epstopdf
Package epstopdf-base Info: Redefining graphics rule for `.eps' on input line 4
85.

(C:\Users\PC Gaming\AppData\Local\Programs\MiKTeX\tex/latex/00miktex\epstopdf-s
ys.cfg
File: epstopdf-sys.cfg 2021/03/18 v2.0 Configuration of epstopdf for MiKTeX
))
*geometry* driver: auto-detecting
*geometry* detected driver: pdftex
*geometry* verbose mode - [ preamble ] result:
* driver: pdftex
* paper: a4paper
* layout: <same size as paper>
* layoutoffset:(h,v)=(0.0pt,0.0pt)
* modes: 
* h-part:(L,W,R)=(43.36243pt, 510.78302pt, 43.36243pt)
* v-part:(T,H,B)=(72.26999pt, 700.50687pt, 72.26999pt)
* \paperwidth=597.50787pt
* \paperheight=845.04684pt
* \textwidth=510.78302pt
* \textheight=700.50687pt
* \oddsidemargin=-28.90756pt
* \evensidemargin=-28.90756pt
* \topmargin=-37.0pt
* \headheight=12.0pt
* \headsep=25.0pt
* \topskip=11.0pt
* \footskip=30.0pt
* \marginparwidth=50.0pt
* \marginparsep=10.0pt
* \columnsep=11.38092pt
* \skip\footins=10.0pt plus 4.0pt minus 2.0pt
* \hoffset=0.0pt
* \voffset=0.0pt
* \mag=1000
* \@twocolumnfalse
* \@twosidefalse
* \@mparswitchfalse
* \@reversemarginfalse
* (1in=72.27pt=25.4mm, 1cm=28.453pt)

Package hyperref Info: Link coloring OFF on input line 34.
\@outlinefile=\write3
\openout3 = `"Tex scratch.out"'.

LaTeX Font Info:    Trying to load font information for U+msa on input line 37.

(C:\Users\PC Gaming\AppData\Local\Programs\MiKTeX\tex/latex/amsfonts\umsa.fd
File: umsa.fd 2013/01/14 v3.01 AMS symbols A
)
LaTeX Font Info:    Trying to load font information for U+msb on input line 37.


(C:\Users\PC Gaming\AppData\Local\Programs\MiKTeX\tex/latex/amsfonts\umsb.fd
File: umsb.fd 2013/01/14 v3.01 AMS symbols B
)

LaTeX Warning: Reference `fig:corrmatplot' on page 1 undefined on input line 50
.


LaTeX Warning: Reference `fig:corrplots' on page 1 undefined on input line 59.

[1

{C:/Users/PC Gaming/AppData/Local/MiKTeX/fonts/map/pdftex/pdftex.map}]
Underfull \hbox (badness 10000) in paragraph at lines 72--73
[]\OT1/cmr/m/n/10.95 where:$\OML/cmm/m/it/10.95 Y$ \OT1/cmr/m/n/10.95 is the de
-pen-dent vari-able,
 []


Underfull \hbox (badness 10000) in paragraph at lines 72--73

 []


LaTeX Warning: Reference `fig:MLRpred' on page 2 undefined on input line 75.


LaTeX Warning: Reference `tab:mlrcoeffs' on page 2 undefined on input line 75.


LaTeX Warning: Reference `fig:MLR' on page 2 undefined on input line 75.

[2]

LaTeX Warning: Reference `fig:MGLMcoefpath' on page 3 undefined on input line 1
28.


LaTeX Warning: Reference `tab:glmcoefs' on page 3 undefined on input line 128.


LaTeX Warning: Reference `fig:MGLMcv' on page 3 undefined on input line 128.


LaTeX Warning: Reference `fig:MGLMperf' on page 3 undefined on input line 128.


Underfull \hbox (badness 10000) in paragraph at lines 140--142

 []


LaTeX Warning: Reference `fig:gglassopred' on page 3 undefined on input line 15
6.


LaTeX Warning: Reference `fig:gglassoperf' on page 3 undefined on input line 15
6.


LaTeX Warning: Reference `fig:gglassocoefpath' on page 3 undefined on input lin
e 156.


LaTeX Warning: Reference `fig:gglassocv' on page 3 undefined on input line 156.



LaTeX Warning: Reference `fig:gglassocontrib' on page 3 undefined on input line
 157.

[3]

LaTeX Warning: Reference `tab:gamanova' on page 4 undefined on input line 207.


LaTeX Warning: Reference `tab:gamanovanonparametric' on page 4 undefined on inp
ut line 209.


LaTeX Warning: Reference `fig:gamperf' on page 4 undefined on input line 211.


LaTeX Warning: Reference `fig:gam' on page 4 undefined on input line 211.


LaTeX Warning: Reference `fig:NN' on page 4 undefined on input line 216.


LaTeX Warning: Reference `fig:NNpred' on page 4 undefined on input line 216.


LaTeX Warning: Reference `fig:traintestloss' on page 4 undefined on input line 
216.



[4]
<./images/eda.png, id=65, 715.17188pt x 574.39594pt>
File: ./images/eda.png Graphic file (type png)
<use ./images/eda.png>
Package pdftex.def Info: ./images/eda.png  used on input line 231.
(pdftex.def)             Requested size: 500.6169pt x 402.0744pt.
<./images/corrplots.png, id=66, 558.888pt x 584.78474pt>
File: ./images/corrplots.png Graphic file (type png)
<use ./images/corrplots.png>
Package pdftex.def Info: ./images/corrplots.png  used on input line 238.
(pdftex.def)             Requested size: 279.44331pt x 292.39165pt.


LaTeX Warning: `h' float specifier changed to `ht'.

<./images/corrmatplot.png, id=67, 462.22687pt x 462.22687pt>
File: ./images/corrmatplot.png Graphic file (type png)
<use ./images/corrmatplot.png>
Package pdftex.def Info: ./images/corrmatplot.png  used on input line 245.
(pdftex.def)             Requested size: 369.782pt x 369.782pt.


[5 <./images/eda.png>]
Overfull \vbox (29.12512pt too high) has occurred while \output is active []



[6 <./images/corrplots.png> <./images/corrmatplot.png (PNG copy)>]
<./images/MLRpred.png, id=82, 579.66562pt x 475.7775pt>
File: ./images/MLRpred.png Graphic file (type png)
<use ./images/MLRpred.png>
Package pdftex.def Info: ./images/MLRpred.png  used on input line 256.
(pdftex.def)             Requested size: 318.81708pt x 261.67842pt.
<./images/MLR.png, id=83, 741.52031pt x 584.93532pt>
File: ./images/MLR.png Graphic file (type png)
<use ./images/MLR.png>
Package pdftex.def Info: ./images/MLR.png  used on input line 264.
(pdftex.def)             Requested size: 333.68105pt x 263.21846pt.
<./images/MGLMcoefpath.png, id=84, 587.94656pt x 475.7775pt>
File: ./images/MGLMcoefpath.png Graphic file (type png)
<use ./images/MGLMcoefpath.png>
Package pdftex.def Info: ./images/MGLMcoefpath.png  used on input line 307.
(pdftex.def)             Requested size: 323.37161pt x 261.67842pt.


[7 <./images/MLRpred.png> <./images/MLR.png>]
<./images/MGLMcv.png, id=95, 577.40718pt x 507.39563pt>
File: ./images/MGLMcv.png Graphic file (type png)
<use ./images/MGLMcv.png>
Package pdftex.def Info: ./images/MGLMcv.png  used on input line 314.
(pdftex.def)             Requested size: 375.31023pt x 329.80325pt.


[8 <./images/MGLMcoefpath.png>]
<./images/MGLMperf.png, id=103, 633.86812pt x 435.12563pt>
File: ./images/MGLMperf.png Graphic file (type png)
<use ./images/MGLMperf.png>
Package pdftex.def Info: ./images/MGLMperf.png  used on input line 324.
(pdftex.def)             Requested size: 412.0094pt x 282.8283pt.


[9 <./images/MGLMcv.png>]
<./images/gglassopred.png, id=111, 860.46469pt x 472.76625pt>
File: ./images/gglassopred.png Graphic file (type png)
<use ./images/gglassopred.png>
Package pdftex.def Info: ./images/gglassopred.png  used on input line 332.
(pdftex.def)             Requested size: 430.2313pt x 236.38254pt.
<./images/gglassoperf.png, id=112, 655.69969pt x 578.16pt>
File: ./images/gglassoperf.png Graphic file (type png)
<use ./images/gglassoperf.png>
Package pdftex.def Info: ./images/gglassoperf.png  used on input line 339.
(pdftex.def)             Requested size: 426.19975pt x 375.79955pt.


[10 <./images/MGLMperf.png> <./images/gglassopred.png>]
<./images/gglassocoefpath.png, id=121, 869.49844pt x 438.13687pt>
File: ./images/gglassocoefpath.png Graphic file (type png)
<use ./images/gglassocoefpath.png>
Package pdftex.def Info: ./images/gglassocoefpath.png  used on input line 346.
(pdftex.def)             Requested size: 478.22562pt x 240.97601pt.
<./images/gglassocv.png, id=122, 744.53156pt x 423.08063pt>
File: ./images/gglassocv.png Graphic file (type png)
<use ./images/gglassocv.png>
Package pdftex.def Info: ./images/gglassocv.png  used on input line 353.
(pdftex.def)             Requested size: 409.49362pt x 232.69505pt.


[11 <./images/gglassoperf.png> <./images/gglassocoefpath.png>]
<./images/gglassocontrib.png, id=131, 773.13844pt x 463.7325pt>
File: ./images/gglassocontrib.png Graphic file (type png)
<use ./images/gglassocontrib.png>
Package pdftex.def Info: ./images/gglassocontrib.png  used on input line 360.
(pdftex.def)             Requested size: 386.56828pt x 231.86568pt.
<./images/gamperf.png, id=132, 930.47626pt x 434.37282pt>
File: ./images/gamperf.png Graphic file (type png)
<use ./images/gamperf.png>
Package pdftex.def Info: ./images/gamperf.png  used on input line 368.
(pdftex.def)             Requested size: 372.18391pt x 173.74605pt.


[12 <./images/gglassocv.png> <./images/gglassocontrib.png>]
<./images/gam.png, id=141, 933.4875pt x 1124.2pt>
File: ./images/gam.png Graphic file (type png)
<use ./images/gam.png>
Package pdftex.def Info: ./images/gam.png  used on input line 375.
(pdftex.def)             Requested size: 373.38838pt x 449.67204pt.


[13 <./images/gamperf.png> <./images/gam.png>]
<./images/NN.png, id=152, 609.27625pt x 906.38625pt>
File: ./images/NN.png Graphic file (type png)
<use ./images/NN.png>
Package pdftex.def Info: ./images/NN.png  used on input line 439.
(pdftex.def)             Requested size: 396.02486pt x 589.14409pt.


[14]
<./images/NNpred.png, id=159, 400.3758pt x 328.8285pt>
File: ./images/NNpred.png Graphic file (type png)
<use ./images/NNpred.png>
Package pdftex.def Info: ./images/NNpred.png  used on input line 446.
(pdftex.def)             Requested size: 280.26114pt x 230.17838pt.


[15 <./images/NN.png>]
<./images/traintestloss.png, id=166, 409.7709pt x 328.8285pt>
File: ./images/traintestloss.png Graphic file (type png)
<use ./images/traintestloss.png>
Package pdftex.def Info: ./images/traintestloss.png  used on input line 453.
(pdftex.def)             Requested size: 307.32742pt x 246.62077pt.


[16 <./images/NNpred.png> <./images/traintestloss.png>] (Tex scratch.aux)
 ***********
LaTeX2e <2024-11-01> patch level 1
L3 programming layer <2024-12-09>
 ***********


LaTeX Warning: There were undefined references.


LaTeX Warning: Label(s) may have changed. Rerun to get cross-references right.


Package rerunfilecheck Warning: File `"Tex scratch".out' has changed.
(rerunfilecheck)                Rerun to get outlines right
(rerunfilecheck)                or use package `bookmark'.

Package rerunfilecheck Info: Checksums for `"Tex scratch".out':
(rerunfilecheck)             Before: <no file>
(rerunfilecheck)             After:  942ACB83ADD6308BADA80AB51ED8DAD9;2119.
 ) 
Here is how much of TeX's memory you used:
 11238 strings out of 473576
 178762 string characters out of 5714341
 685494 words of memory out of 5000000
 34218 multiletter control sequences out of 15000+600000
 566599 words of font info for 68 fonts, out of 8000000 for 9000
 1141 hyphenation exceptions out of 8191
 79i,16n,93p,750b,636s stack positions out of 10000i,1000n,20000p,200000b,200000s
 <C:\Users\PC Gaming\AppData\Local\MiKTeX\fonts/pk/ljfour/jknappen/ec/dpi600\
tcrm1095.pk><C:/Users/PC Gaming/AppData/Local/Programs/MiKTeX/fonts/type1/publi
c/amsfonts/cm/cmbx10.pfb><C:/Users/PC Gaming/AppData/Local/Programs/MiKTeX/font
s/type1/public/amsfonts/cm/cmbx12.pfb><C:/Users/PC Gaming/AppData/Local/Program
s/MiKTeX/fonts/type1/public/amsfonts/cm/cmex10.pfb><C:/Users/PC Gaming/AppData/
Local/Programs/MiKTeX/fonts/type1/public/amsfonts/cmextra/cmex8.pfb><C:/Users/P
C Gaming/AppData/Local/Programs/MiKTeX/fonts/type1/public/amsfonts/cm/cmmi10.pf
b><C:/Users/PC Gaming/AppData/Local/Programs/MiKTeX/fonts/type1/public/amsfonts
/cm/cmmi6.pfb><C:/Users/PC Gaming/AppData/Local/Programs/MiKTeX/fonts/type1/pub
lic/amsfonts/cm/cmmi8.pfb><C:/Users/PC Gaming/AppData/Local/Programs/MiKTeX/fon
ts/type1/public/amsfonts/cm/cmr10.pfb><C:/Users/PC Gaming/AppData/Local/Program
s/MiKTeX/fonts/type1/public/amsfonts/cm/cmr12.pfb><C:/Users/PC Gaming/AppData/L
ocal/Programs/MiKTeX/fonts/type1/public/amsfonts/cm/cmr17.pfb><C:/Users/PC Gami
ng/AppData/Local/Programs/MiKTeX/fonts/type1/public/amsfonts/cm/cmr8.pfb><C:/Us
ers/PC Gaming/AppData/Local/Programs/MiKTeX/fonts/type1/public/amsfonts/cm/cmsy
10.pfb><C:/Users/PC Gaming/AppData/Local/Programs/MiKTeX/fonts/type1/public/ams
fonts/cm/cmsy8.pfb><C:/Users/PC Gaming/AppData/Local/Programs/MiKTeX/fonts/type
1/public/amsfonts/cm/cmtt12.pfb>
Output written on "Tex scratch.pdf" (16 pages, 608085 bytes).
PDF statistics:
 253 PDF objects out of 1000 (max. 8388607)
 71 named destinations out of 1000 (max. 500000)
 91 words of extra memory for PDF output out of 10000 (max. 10000000)

